2026-03-02 18:02:14,482 - INFO - Compressed PNG: test_input/test_image.png -> test_output/test_image.png
2026-03-02 18:02:14,483 - INFO - Compressed JPEG: test_input/test_image.jpg -> test_output/test_image.jpg
2026-03-02 18:02:14,532 - INFO - PDF created successfully at test_output/compressed_images.pdf
2026-03-02 18:02:14,533 - INFO - Compressed JPEG: test_input/test_image.jpg -> test_output/compressed_test_image.jpg
2026-03-02 18:02:14,533 - INFO - Compressed PNG: test_input/test_image.png -> test_output/compressed_test_image.png
2026-03-02 18:04:38,885 - ERROR - Error: [Errno 2] No such file or directory: './input'
2026-03-02 18:05:10,627 - ERROR - Error: [Errno 2] No such file or directory: '~/Downloads/input'
2026-03-02 18:05:44,848 - ERROR - Error: [Errno 2] No such file or directory: '~/Downloads/input'
2026-03-02 18:06:45,684 - ERROR - Error: [Errno 2] No such file or directory: '~yerbolattazhkeyev/Downloads/input/'
2026-03-02 18:07:15,801 - INFO - Compressed JPEG: /Users/yerbolattazhkeyev/Downloads/input/IMG_8198.JPG -> /Users/yerbolattazhkeyev/Downloads/output3/IMG_8198.jpg
2026-03-02 18:07:15,931 - INFO - Compressed JPEG: /Users/yerbolattazhkeyev/Downloads/input/IMG_8199.JPG -> /Users/yerbolattazhkeyev/Downloads/output3/IMG_8199.jpg
2026-03-02 18:07:16,056 - INFO - Compressed JPEG: /Users/yerbolattazhkeyev/Downloads/input/IMG_8200.JPG -> /Users/yerbolattazhkeyev/Downloads/output3/IMG_8200.jpg
2026-03-02 18:07:16,187 - INFO - Compressed JPEG: /Users/yerbolattazhkeyev/Downloads/input/IMG_8201.JPG -> /Users/yerbolattazhkeyev/Downloads/output3/IMG_8201.jpg
2026-03-02 18:07:16,321 - INFO - Compressed JPEG: /Users/yerbolattazhkeyev/Downloads/input/IMG_8197.JPG -> /Users/yerbolattazhkeyev/Downloads/output3/IMG_8197.jpg
2026-03-02 18:07:16,445 - INFO - Compressed JPEG: /Users/yerbolattazhkeyev/Downloads/input/IMG_8196.JPG -> /Users/yerbolattazhkeyev/Downloads/output3/IMG_8196.jpg
2026-03-02 18:07:17,102 - INFO - PDF created successfully at /Users/yerbolattazhkeyev/Downloads/output3/compressed_images.pdf
2026-03-02 18:07:17,103 - INFO - All images compressed successfully and saved to /Users/yerbolattazhkeyev/Downloads/output3/
2026-03-03 10:30:41,548 - INFO - Compressed PNG: test_input/test_image.png -> test_output/test_image.png
2026-03-03 10:30:41,549 - INFO - Compressed JPEG: test_input/test_image.jpg -> test_output/test_image.jpg
2026-03-03 10:30:41,607 - INFO - PDF created successfully at test_output/compressed_images.pdf
2026-03-03 10:30:41,609 - INFO - Compressed JPEG: test_input/test_image.jpg -> test_output/compressed_test_image.jpg
2026-03-03 10:30:41,609 - INFO - Compressed PNG: test_input/test_image.png -> test_output/compressed_test_image.png
2026-03-03 10:32:37,857 - INFO - Compressed PNG: /Users/yerbolattazhkeyev/Documents/scripts/unittests/test_input/test_image.png -> /Users/yerbolattazhkeyev/Documents/scripts/unittests/test_output/test_image.png
2026-03-03 10:32:37,858 - INFO - Compressed JPEG: /Users/yerbolattazhkeyev/Documents/scripts/unittests/test_input/test_image.jpg -> /Users/yerbolattazhkeyev/Documents/scripts/unittests/test_output/test_image.jpg
2026-03-03 10:32:37,899 - INFO - PDF created successfully at /Users/yerbolattazhkeyev/Documents/scripts/unittests/test_output/compressed_images.pdf
2026-03-03 10:32:37,899 - INFO - Compressed JPEG: /Users/yerbolattazhkeyev/Documents/scripts/unittests/test_input/test_image.jpg -> /Users/yerbolattazhkeyev/Documents/scripts/unittests/test_output/compressed_test_image.jpg
2026-03-03 10:32:37,900 - INFO - Compressed PNG: /Users/yerbolattazhkeyev/Documents/scripts/unittests/test_input/test_image.png -> /Users/yerbolattazhkeyev/Documents/scripts/unittests/test_output/compressed_test_image.png
2026-03-03 10:35:29,325 - INFO - Compressed PNG: /Users/yerbolattazhkeyev/Documents/scripts/unittests/test_input/test_image.png -> /Users/yerbolattazhkeyev/Documents/scripts/unittests/test_output/test_image.png
2026-03-03 10:35:29,326 - INFO - Compressed JPEG: /Users/yerbolattazhkeyev/Documents/scripts/unittests/test_input/test_image.jpg -> /Users/yerbolattazhkeyev/Documents/scripts/unittests/test_output/test_image.jpg
2026-03-03 10:35:29,369 - INFO - PDF created successfully at /Users/yerbolattazhkeyev/Documents/scripts/unittests/test_output/compressed_images.pdf
2026-03-03 10:35:29,370 - INFO - Compressed JPEG: /Users/yerbolattazhkeyev/Documents/scripts/unittests/test_input/test_image.jpg -> /Users/yerbolattazhkeyev/Documents/scripts/unittests/test_output/compressed_test_image.jpg
2026-03-03 10:35:29,371 - INFO - Compressed PNG: /Users/yerbolattazhkeyev/Documents/scripts/unittests/test_input/test_image.png -> /Users/yerbolattazhkeyev/Documents/scripts/unittests/test_output/compressed_test_image.png
2026-03-03 10:37:13,134 - INFO - Compressed PNG: /Users/yerbolattazhkeyev/Documents/scripts/unittests/test_input/test_image.png -> /Users/yerbolattazhkeyev/Documents/scripts/unittests/test_output/test_image.png
2026-03-03 10:37:13,135 - INFO - Compressed JPEG: /Users/yerbolattazhkeyev/Documents/scripts/unittests/test_input/test_image.jpg -> /Users/yerbolattazhkeyev/Documents/scripts/unittests/test_output/test_image.jpg
2026-03-03 10:37:13,177 - INFO - PDF created successfully at /Users/yerbolattazhkeyev/Documents/scripts/unittests/test_output/compressed_images.pdf
2026-03-03 10:37:13,178 - INFO - Compressed JPEG: /Users/yerbolattazhkeyev/Documents/scripts/unittests/test_input/test_image.jpg -> /Users/yerbolattazhkeyev/Documents/scripts/unittests/test_output/compressed_test_image.jpg
2026-03-03 10:37:13,178 - INFO - Compressed PNG: /Users/yerbolattazhkeyev/Documents/scripts/unittests/test_input/test_image.png -> /Users/yerbolattazhkeyev/Documents/scripts/unittests/test_output/compressed_test_image.png
2026-03-03 10:49:43,152 - INFO - Compressed PNG: /Users/yerbolattazhkeyev/Documents/scripts/unittests/test_input/test_image.png -> /Users/yerbolattazhkeyev/Documents/scripts/unittests/test_output/test_image.png
2026-03-03 10:49:43,153 - INFO - Compressed JPEG: /Users/yerbolattazhkeyev/Documents/scripts/unittests/test_input/test_image.jpg -> /Users/yerbolattazhkeyev/Documents/scripts/unittests/test_output/test_image.jpg
2026-03-03 10:49:43,245 - INFO - PDF created successfully at /Users/yerbolattazhkeyev/Documents/scripts/unittests/test_output/compressed_images.pdf
2026-03-03 10:49:43,246 - INFO - Compressed JPEG: /Users/yerbolattazhkeyev/Documents/scripts/unittests/test_input/test_image.jpg -> /Users/yerbolattazhkeyev/Documents/scripts/unittests/test_output/compressed_test_image.jpg
2026-03-03 10:49:43,247 - INFO - Compressed PNG: /Users/yerbolattazhkeyev/Documents/scripts/unittests/test_input/test_image.png -> /Users/yerbolattazhkeyev/Documents/scripts/unittests/test_output/compressed_test_image.png
